<?xml version="1.0" encoding="UTF-8"?>
<!-- Generated by org.testng.reporters.JUnitXMLReporter -->
<testsuite hostname="DESKTOP-32VMDLN" ignored="0" name="Test1" tests="1" failures="1" timestamp="2020-05-29T16:17:20 IST" time="25.64" errors="0">
  <testcase name="testcreateCustomer_TC001" time="0.026" classname="com.Satnam_Customer_scripts.createCustomer_TC001">
    <failure type="java.lang.NullPointerException">
      <![CDATA[java.lang.NullPointerException
at com.Satnam_utilities.frameWorkListener.onTestStart(frameWorkListener.java:51)
at java.util.ArrayList.forEach(Unknown Source)
... Removed 28 stack frames]]>
    </failure>
  </testcase> <!-- testcreateCustomer_TC001 -->
</testsuite> <!-- Test1 -->
