<?xml version="1.0" encoding="UTF-8"?>
<testng-results skipped="0" failed="1" ignored="0" total="1" passed="0">
  <reporter-output>
  </reporter-output>
  <suite name="Suite" duration-ms="22806" started-at="2020-05-28T21:33:37 IST" finished-at="2020-05-28T21:34:00 IST">
    <groups>
    </groups>
    <test name="Test1" duration-ms="22806" started-at="2020-05-28T21:33:37 IST" finished-at="2020-05-28T21:34:00 IST">
      <class name="com.Satnam_Customer_scripts.createCustomer_TC001">
        <test-method status="PASS" signature="openBrowser()[pri:0, instance:com.Satnam_Customer_scripts.createCustomer_TC001@34c4973]" name="openBrowser" is-config="true" duration-ms="10198" started-at="2020-05-28T21:33:37 IST" finished-at="2020-05-28T21:33:48 IST">
          <reporter-output>
          </reporter-output>
        </test-method> <!-- openBrowser -->
        <test-method status="PASS" signature="login()[pri:0, instance:com.Satnam_Customer_scripts.createCustomer_TC001@34c4973]" name="login" is-config="true" duration-ms="3840" started-at="2020-05-28T21:33:48 IST" finished-at="2020-05-28T21:33:51 IST">
          <reporter-output>
          </reporter-output>
        </test-method> <!-- login -->
        <test-method status="FAIL" signature="testcreateCustomer_TC001()[pri:0, instance:com.Satnam_Customer_scripts.createCustomer_TC001@34c4973]" name="testcreateCustomer_TC001" duration-ms="40" started-at="2020-05-28T21:33:51 IST" finished-at="2020-05-28T21:33:51 IST">
          <exception class="java.lang.NullPointerException">
            <full-stacktrace>
              <![CDATA[java.lang.NullPointerException
at com.Satnam_utilities.frameWorkListener.onTestStart(frameWorkListener.java:51)
at org.testng.internal.TestListenerHelper.runTestListeners(TestListenerHelper.java:73)
at org.testng.internal.TestInvoker.runTestResultListener(TestInvoker.java:220)
at org.testng.internal.TestInvoker.invokeMethod(TestInvoker.java:571)
at org.testng.internal.TestInvoker.invokeTestMethod(TestInvoker.java:174)
at org.testng.internal.MethodRunner.runInSequence(MethodRunner.java:46)
at org.testng.internal.TestInvoker$MethodInvocationAgent.invoke(TestInvoker.java:821)
at org.testng.internal.TestInvoker.invokeTestMethods(TestInvoker.java:147)
at org.testng.internal.TestMethodWorker.invokeTestMethods(TestMethodWorker.java:146)
at org.testng.internal.TestMethodWorker.run(TestMethodWorker.java:128)
at java.util.ArrayList.forEach(ArrayList.java:1249)
at org.testng.TestRunner.privateRun(TestRunner.java:767)
at org.testng.TestRunner.run(TestRunner.java:588)
at org.testng.SuiteRunner.runTest(SuiteRunner.java:384)
at org.testng.SuiteRunner.runSequentially(SuiteRunner.java:378)
at org.testng.SuiteRunner.privateRun(SuiteRunner.java:337)
at org.testng.SuiteRunner.run(SuiteRunner.java:286)
at org.testng.SuiteRunnerWorker.runSuite(SuiteRunnerWorker.java:53)
at org.testng.SuiteRunnerWorker.run(SuiteRunnerWorker.java:96)
at org.testng.TestNG.runSuitesSequentially(TestNG.java:1214)
at org.testng.TestNG.runSuitesLocally(TestNG.java:1136)
at org.testng.TestNG.runSuites(TestNG.java:1066)
at org.testng.TestNG.run(TestNG.java:1034)
at org.testng.remote.AbstractRemoteTestNG.run(AbstractRemoteTestNG.java:115)
at org.testng.remote.RemoteTestNG.initAndRun(RemoteTestNG.java:251)
at org.testng.remote.RemoteTestNG.main(RemoteTestNG.java:77)
]]>
            </full-stacktrace>
          </exception> <!-- java.lang.NullPointerException -->
          <reporter-output>
          </reporter-output>
        </test-method> <!-- testcreateCustomer_TC001 -->
        <test-method status="PASS" signature="logout()[pri:0, instance:com.Satnam_Customer_scripts.createCustomer_TC001@34c4973]" name="logout" is-config="true" duration-ms="563" started-at="2020-05-28T21:33:52 IST" finished-at="2020-05-28T21:33:53 IST">
          <reporter-output>
          </reporter-output>
        </test-method> <!-- logout -->
        <test-method status="PASS" signature="closeBrowser()[pri:0, instance:com.Satnam_Customer_scripts.createCustomer_TC001@34c4973]" name="closeBrowser" is-config="true" duration-ms="6832" started-at="2020-05-28T21:33:53 IST" finished-at="2020-05-28T21:34:00 IST">
          <reporter-output>
          </reporter-output>
        </test-method> <!-- closeBrowser -->
      </class> <!-- com.Satnam_Customer_scripts.createCustomer_TC001 -->
    </test> <!-- Test1 -->
  </suite> <!-- Suite -->
</testng-results>
